[0.019s] Invoking command in '/home/farao/ros2_ws/build/controller_interfaces': CMAKE_PREFIX_PATH=${CMAKE_PREFIX_PATH}:/opt/ros/humble /usr/bin/cmake --build /home/farao/ros2_ws/build/controller_interfaces -- -j20 -l20
[0.036s] -- Found ament_cmake: 1.3.9 (/opt/ros/humble/share/ament_cmake/cmake)
[0.145s] -- Found std_msgs: 4.2.4 (/opt/ros/humble/share/std_msgs/cmake)
[0.169s] -- Found rosidl_generator_c: 3.1.5 (/opt/ros/humble/share/rosidl_generator_c/cmake)
[0.171s] -- Found rosidl_adapter: 3.1.5 (/opt/ros/humble/share/rosidl_adapter/cmake)
[0.174s] -- Found rosidl_generator_cpp: 3.1.5 (/opt/ros/humble/share/rosidl_generator_cpp/cmake)
[0.181s] -- Using all available rosidl_typesupport_c: rosidl_typesupport_fastrtps_c;rosidl_typesupport_introspection_c
[0.190s] -- Using all available rosidl_typesupport_cpp: rosidl_typesupport_fastrtps_cpp;rosidl_typesupport_introspection_cpp
[0.222s] -- Found geometry_msgs: 4.2.4 (/opt/ros/humble/share/geometry_msgs/cmake)
[0.248s] -- Found rosidl_default_generators: 1.2.0 (/opt/ros/humble/share/rosidl_default_generators/cmake)
[0.253s] -- Found ament_lint_auto: 0.12.11 (/opt/ros/humble/share/ament_lint_auto/cmake)
[0.421s] [31mCMake Error at /opt/ros/humble/share/rosidl_adapter/cmake/rosidl_adapt_interfaces.cmake:59 (message):
[0.421s]   execute_process(/usr/bin/python3 -m rosidl_adapter --package-name
[0.421s]   controller_interfaces --arguments-file
[0.421s]   /home/farao/ros2_ws/build/controller_interfaces/rosidl_adapter__arguments__controller_interfaces.json
[0.421s]   --output-dir
[0.421s]   /home/farao/ros2_ws/build/controller_interfaces/rosidl_adapter/controller_interfaces
[0.421s]   --output-file
[0.421s]   /home/farao/ros2_ws/build/controller_interfaces/rosidl_adapter/controller_interfaces.idls)
[0.421s]   returned error code 1:
[0.421s] 
[0.421s]   Error with: controller_interfaces SetTarget_Request geometry_msgs/Point
[0.421s] 
[0.421s]   Traceback (most recent call last):
[0.421s] 
[0.421s]     File "/usr/lib/python3.10/runpy.py", line 196, in _run_module_as_main
[0.421s]       return _run_code(code, main_globals, None,
[0.421s]     File "/usr/lib/python3.10/runpy.py", line 86, in _run_code
[0.421s]       exec(code, run_globals)
[0.422s]     File "/opt/ros/humble/local/lib/python3.10/dist-packages/rosidl_adapter/__main__.py", line 19, in <module>
[0.422s]       sys.exit(main())
[0.422s]     File "/opt/ros/humble/local/lib/python3.10/dist-packages/rosidl_adapter/main.py", line 53, in main
[0.422s]       abs_idl_file = convert_to_idl(
[0.422s]     File "/opt/ros/humble/local/lib/python3.10/dist-packages/rosidl_adapter/__init__.py", line 24, in convert_to_idl
[0.422s]       return convert_srv_to_idl(
[0.422s]     File "/opt/ros/humble/local/lib/python3.10/dist-packages/rosidl_adapter/srv/__init__.py", line 28, in convert_srv_to_idl
[0.422s]       srv = parse_service_string(package_name, input_file.stem, content)
[0.422s]     File "/opt/ros/humble/local/lib/python3.10/dist-packages/rosidl_adapter/parser.py", line 859, in parse_service_string
[0.422s]       request_message = parse_message_string(
[0.422s]     File "/opt/ros/humble/local/lib/python3.10/dist-packages/rosidl_adapter/parser.py", line 510, in parse_message_string
[0.423s]       raise InvalidFieldDefinition(line)
[0.423s] 
[0.423s]   rosidl_adapter.parser.InvalidFieldDefinition: geometry_msgs/Point
[0.423s] 
[0.423s] Call Stack (most recent call first):
[0.423s]   /opt/ros/humble/share/rosidl_cmake/cmake/rosidl_generate_interfaces.cmake:130 (rosidl_adapt_interfaces)
[0.423s]   CMakeLists.txt:30 (rosidl_generate_interfaces)
[0.423s] 
[0.423s] [0m
[0.423s] -- Configuring incomplete, errors occurred!
[0.423s] See also "/home/farao/ros2_ws/build/controller_interfaces/CMakeFiles/CMakeOutput.log".
[0.426s] gmake: *** [Makefile:295: cmake_check_build_system] Error 1
[0.428s] Invoked command in '/home/farao/ros2_ws/build/controller_interfaces' returned '2': CMAKE_PREFIX_PATH=${CMAKE_PREFIX_PATH}:/opt/ros/humble /usr/bin/cmake --build /home/farao/ros2_ws/build/controller_interfaces -- -j20 -l20
