[0.019s] Invoking command in '/home/farao/ros2_ws/build/controller_interfaces': CMAKE_PREFIX_PATH=${CMAKE_PREFIX_PATH}:/opt/ros/humble /usr/bin/cmake --build /home/farao/ros2_ws/build/controller_interfaces -- -j20 -l20
[0.034s] -- Found ament_cmake: 1.3.9 (/opt/ros/humble/share/ament_cmake/cmake)
[0.128s] -- Found rclcpp: 16.0.9 (/opt/ros/humble/share/rclcpp/cmake)
[0.145s] -- Found rosidl_generator_c: 3.1.5 (/opt/ros/humble/share/rosidl_generator_c/cmake)
[0.147s] -- Found rosidl_adapter: 3.1.5 (/opt/ros/humble/share/rosidl_adapter/cmake)
[0.150s] -- Found rosidl_generator_cpp: 3.1.5 (/opt/ros/humble/share/rosidl_generator_cpp/cmake)
[0.157s] -- Using all available rosidl_typesupport_c: rosidl_typesupport_fastrtps_c;rosidl_typesupport_introspection_c
[0.167s] -- Using all available rosidl_typesupport_cpp: rosidl_typesupport_fastrtps_cpp;rosidl_typesupport_introspection_cpp
[0.202s] -- Found rmw_implementation_cmake: 6.1.2 (/opt/ros/humble/share/rmw_implementation_cmake/cmake)
[0.203s] -- Found rmw_fastrtps_cpp: 6.2.6 (/opt/ros/humble/share/rmw_fastrtps_cpp/cmake)
[0.274s] -- Using RMW implementation 'rmw_fastrtps_cpp' as default
[0.371s] -- Found rclpy: 3.3.13 (/opt/ros/humble/share/rclpy/cmake)
[0.519s] [31mCMake Error at /opt/ros/humble/share/rosidl_adapter/cmake/rosidl_adapt_interfaces.cmake:59 (message):
[0.519s]   execute_process(/usr/bin/python3 -m rosidl_adapter --package-name
[0.519s]   controller_interfaces --arguments-file
[0.519s]   /home/farao/ros2_ws/build/controller_interfaces/rosidl_adapter__arguments__controller_interfaces.json
[0.519s]   --output-dir
[0.520s]   /home/farao/ros2_ws/build/controller_interfaces/rosidl_adapter/controller_interfaces
[0.520s]   --output-file
[0.520s]   /home/farao/ros2_ws/build/controller_interfaces/rosidl_adapter/controller_interfaces.idls)
[0.520s]   returned error code 1:
[0.520s] 
[0.520s]   Error processing 'geometry_msgs/msg/Point target' of
[0.520s]   'controller_interfaces/SetTarget_Request': 'geometry_msgs/msg/Point'
[0.520s] 
[0.520s]   Traceback (most recent call last):
[0.520s] 
[0.520s]     File "/usr/lib/python3.10/runpy.py", line 196, in _run_module_as_main
[0.520s]       return _run_code(code, main_globals, None,
[0.520s]     File "/usr/lib/python3.10/runpy.py", line 86, in _run_code
[0.520s]       exec(code, run_globals)
[0.520s]     File "/opt/ros/humble/local/lib/python3.10/dist-packages/rosidl_adapter/__main__.py", line 19, in <module>
[0.521s]       sys.exit(main())
[0.521s]     File "/opt/ros/humble/local/lib/python3.10/dist-packages/rosidl_adapter/main.py", line 53, in main
[0.521s]       abs_idl_file = convert_to_idl(
[0.521s]     File "/opt/ros/humble/local/lib/python3.10/dist-packages/rosidl_adapter/__init__.py", line 24, in convert_to_idl
[0.521s]       return convert_srv_to_idl(
[0.521s]     File "/opt/ros/humble/local/lib/python3.10/dist-packages/rosidl_adapter/srv/__init__.py", line 28, in convert_srv_to_idl
[0.521s]       srv = parse_service_string(package_name, input_file.stem, content)
[0.521s]     File "/opt/ros/humble/local/lib/python3.10/dist-packages/rosidl_adapter/parser.py", line 859, in parse_service_string
[0.521s]       request_message = parse_message_string(
[0.521s]     File "/opt/ros/humble/local/lib/python3.10/dist-packages/rosidl_adapter/parser.py", line 520, in parse_message_string
[0.521s]       Type(type_string, context_package_name=pkg_name),
[0.521s]     File "/opt/ros/humble/local/lib/python3.10/dist-packages/rosidl_adapter/parser.py", line 277, in __init__
[0.521s]       super(Type, self).__init__(
[0.521s]     File "/opt/ros/humble/local/lib/python3.10/dist-packages/rosidl_adapter/parser.py", line 190, in __init__
[0.522s]       raise InvalidResourceName(type_string)
[0.522s] 
[0.522s]   rosidl_adapter.parser.InvalidResourceName: geometry_msgs/msg/Point
[0.522s] 
[0.522s] Call Stack (most recent call first):
[0.522s]   /opt/ros/humble/share/rosidl_cmake/cmake/rosidl_generate_interfaces.cmake:130 (rosidl_adapt_interfaces)
[0.522s]   CMakeLists.txt:54 (rosidl_generate_interfaces)
[0.522s] 
[0.522s] [0m
[0.522s] -- Configuring incomplete, errors occurred!
[0.522s] See also "/home/farao/ros2_ws/build/controller_interfaces/CMakeFiles/CMakeOutput.log".
[0.524s] gmake: *** [Makefile:295: cmake_check_build_system] Error 1
[0.526s] Invoked command in '/home/farao/ros2_ws/build/controller_interfaces' returned '2': CMAKE_PREFIX_PATH=${CMAKE_PREFIX_PATH}:/opt/ros/humble /usr/bin/cmake --build /home/farao/ros2_ws/build/controller_interfaces -- -j20 -l20
